<?xml version="1.0" encoding="UTF-8"?>
<!-- Generated by org.testng.reporters.JUnitReportReporter -->
<testsuite skipped="1" hostname="LNLA010P3014" name="MvnPckg4.tests.LoginTest" tests="2" failures="0" timestamp="2020-12-02T15:36:04 IST" time="44.574" errors="0">
  <testcase name="doLoginTest" time="0.705" classname="MvnPckg4.tests.LoginTest">
    <skipped/>
  </testcase> <!-- doLoginTest -->
  <testcase name="doLoginTest" time="43.869" classname="MvnPckg4.tests.LoginTest"/>
</testsuite> <!-- MvnPckg4.tests.LoginTest -->
